c:\users\kam\videos\src_x_file_viewer\debug\dimanager.obj
c:\users\kam\videos\src_x_file_viewer\debug\dsmanager.obj
c:\users\kam\videos\src_x_file_viewer\debug\dsutil.obj
c:\users\kam\videos\src_x_file_viewer\debug\dxmanager.obj
c:\users\kam\videos\src_x_file_viewer\debug\winmain.obj
c:\users\kam\videos\src_x_file_viewer\debug\vc110.pdb
c:\users\kam\videos\src_x_file_viewer\debug\example4.ilk
c:\users\kam\videos\src_x_file_viewer\debug\example4.exe
c:\users\kam\videos\src_x_file_viewer\debug\example4.pdb
c:\users\kam\videos\hello\debug\dimanager.obj
c:\users\kam\videos\hello\debug\dsmanager.obj
c:\users\kam\videos\hello\debug\dsutil.obj
c:\users\kam\videos\hello\debug\dxmanager.obj
c:\users\kam\videos\hello\debug\winmain.obj
c:\users\kam\videos\hello\debug\example4.ilk
c:\users\kam\videos\hello\debug\cl.command.1.tlog
c:\users\kam\videos\hello\debug\cl.read.1.tlog
c:\users\kam\videos\hello\debug\cl.write.1.tlog
c:\users\kam\videos\hello\debug\link-cvtres.read.1.tlog
c:\users\kam\videos\hello\debug\link-cvtres.write.1.tlog
c:\users\kam\videos\hello\debug\link-rc.read.1.tlog
c:\users\kam\videos\hello\debug\link-rc.write.1.tlog
c:\users\kam\videos\hello\debug\link.command.1.tlog
c:\users\kam\videos\hello\debug\link.read.1.tlog
c:\users\kam\videos\hello\debug\link.write.1.tlog
c:\users\kam\videos\hello\debug\vc110.idb
c:\users\kam\videos\hello\debug\example4.pdb
c:\users\kam\videos\hello\debug\vc110.pdb
c:\users\kam\videos\hello\debug\example4.exe
