  diManager.cpp
  dsManager.cpp
  dsutil.cpp
  dxManager.cpp
dxManager.cpp(113): warning C4244: '引數': 將 'double' 轉換為 'FLOAT'，由於類型不同，可能導致資料遺失
dxManager.cpp(185): warning C4018: '<=': signed/unsigned 不相符
dxManager.cpp(226): warning C4244: '引數': 將 'int' 轉換為 'FLOAT'，由於類型不同，可能導致資料遺失
  winmain.cpp
winmain.cpp(48): warning C4091: 'typedef ': 當沒有宣告變數時，忽略 'objectStruct' 的左方
winmain.cpp(54): warning C4091: 'typedef ': 當沒有宣告變數時，忽略 'ammoStruct' 的左方
winmain.cpp(102): warning C4244: '引數': 將 'int' 轉換為 'FLOAT'，由於類型不同，可能導致資料遺失
winmain.cpp(103): warning C4244: '引數': 將 'int' 轉換為 'FLOAT'，由於類型不同，可能導致資料遺失
winmain.cpp(109): warning C4244: '引數': 將 'int' 轉換為 'FLOAT'，由於類型不同，可能導致資料遺失
winmain.cpp(110): warning C4244: '引數': 將 'int' 轉換為 'FLOAT'，由於類型不同，可能導致資料遺失
winmain.cpp(116): warning C4244: '引數': 將 'int' 轉換為 'FLOAT'，由於類型不同，可能導致資料遺失
winmain.cpp(117): warning C4244: '引數': 將 'int' 轉換為 'FLOAT'，由於類型不同，可能導致資料遺失
winmain.cpp(123): warning C4244: '引數': 將 'int' 轉換為 'FLOAT'，由於類型不同，可能導致資料遺失
winmain.cpp(124): warning C4244: '引數': 將 'int' 轉換為 'FLOAT'，由於類型不同，可能導致資料遺失
winmain.cpp(130): warning C4244: '引數': 將 'int' 轉換為 'FLOAT'，由於類型不同，可能導致資料遺失
winmain.cpp(131): warning C4244: '引數': 將 'int' 轉換為 'FLOAT'，由於類型不同，可能導致資料遺失
winmain.cpp(139): warning C4244: '引數': 將 'int' 轉換為 'FLOAT'，由於類型不同，可能導致資料遺失
winmain.cpp(146): warning C4244: '引數': 將 'int' 轉換為 'FLOAT'，由於類型不同，可能導致資料遺失
winmain.cpp(153): warning C4244: '引數': 將 'int' 轉換為 'FLOAT'，由於類型不同，可能導致資料遺失
winmain.cpp(160): warning C4244: '引數': 將 'int' 轉換為 'FLOAT'，由於類型不同，可能導致資料遺失
winmain.cpp(167): warning C4244: '引數': 將 'int' 轉換為 'FLOAT'，由於類型不同，可能導致資料遺失
winmain.cpp(201): warning C4244: '正在初始化': 將 'double' 轉換為 'float'，由於類型不同，可能導致資料遺失
winmain.cpp(217): warning C4244: '正在初始化': 將 'double' 轉換為 'float'，由於類型不同，可能導致資料遺失
winmain.cpp(218): warning C4244: '正在初始化': 將 'double' 轉換為 'float'，由於類型不同，可能導致資料遺失
winmain.cpp(298): warning C4244: '=': 將 'double' 轉換為 'float'，由於類型不同，可能導致資料遺失
winmain.cpp(299): warning C4244: '=': 將 'double' 轉換為 'float'，由於類型不同，可能導致資料遺失
  正在產生程式碼...
  example4.vcxproj -> C:\Users\Kam\Videos\hello\Release\example4.exe
  example4.vcxproj -> Release\example4.pdb (Full PDB)
